{
  "RSpec": {
    "coverage": {
      "/Users/blake/turing/4module/Squadfinder/backend-ruby/app/models/user.rb": {
        "lines": [
          1,
          1,
          null
        ]
      },
      "/Users/blake/turing/4module/Squadfinder/backend-ruby/app/models/application_record.rb": {
        "lines": [
          1,
          1,
          null
        ]
      },
      "/Users/blake/turing/4module/Squadfinder/backend-ruby/app/controllers/application_controller.rb": {
        "lines": [
          0,
          0
        ],
        "branches": {
        }
      }
    },
    "timestamp": 1665693497
  }
}
